<?xml version="1.0" encoding="UTF-8"?>
<!-- Generated by org.testng.reporters.JUnitXMLReporter -->
<testsuite ignored="0" hostname="DESKTOP-78R43BL" failures="0" tests="3" name="All tests" time="158.451" errors="0" timestamp="2023-08-01T08:46:11 IST">
  <testcase classname="com.autospace.tests.LoginTest" name="bookSearch" time="77.723"/>
  <testcase classname="com.autospace.tests.LoginTest" name="login" time="22.384"/>
  <testcase classname="com.autospace.tests.HomePageTest" name="verifyPageTitle" time="52.517"/>
</testsuite> <!-- All tests -->
