<?xml version="1.0" encoding="UTF-8"?>
<!-- Generated by org.testng.reporters.JUnitXMLReporter -->
<testsuite ignored="1" hostname="DESKTOP-78R43BL" failures="0" tests="2" name="Regression tests" time="82.217" errors="0" timestamp="2023-08-01T08:58:24 IST">
  <testcase classname="com.autospace.tests.LoginTest" name="bookSearch" time="52.109"/>
  <testcase classname="com.autospace.tests.LoginTest" name="login" time="25.239"/>
  <testcase classname="com.autospace.tests.HomePageTest" name="verifyPageTitle" time="0.0">
    <ignored/>
  </testcase> <!-- verifyPageTitle -->
</testsuite> <!-- Regression tests -->
