<?xml version="1.0" encoding="UTF-8"?>
<!-- Generated by org.testng.reporters.JUnitXMLReporter -->
<testsuite ignored="2" hostname="DESKTOP-78R43BL" failures="0" tests="1" name="Smoke tests" time="37.388" errors="0" timestamp="2023-08-01T08:53:02 IST">
  <testcase classname="com.autospace.tests.LoginTest" name="login" time="36.178"/>
  <testcase classname="com.autospace.tests.LoginTest" name="bookSearch" time="0.0">
    <ignored/>
  </testcase> <!-- bookSearch -->
  <testcase classname="com.autospace.tests.HomePageTest" name="verifyPageTitle" time="0.0">
    <ignored/>
  </testcase> <!-- verifyPageTitle -->
</testsuite> <!-- Smoke tests -->
