<?xml version="1.0" encoding="UTF-8"?>
<testng-results ignored="0" total="2" passed="2" failed="0" skipped="0">
  <reporter-output>
  </reporter-output>
  <suite started-at="2023-08-01T09:03:34 IST" name="Default suite" finished-at="2023-08-01T09:04:26 IST" duration-ms="51741">
    <groups>
      <group name="regression">
        <method signature="LoginTest.login()[pri:0, instance:com.autospace.tests.LoginTest@6adbc9d]" name="login" class="com.autospace.tests.LoginTest"/>
        <method signature="LoginTest.bookSearch()[pri:0, instance:com.autospace.tests.LoginTest@6adbc9d]" name="bookSearch" class="com.autospace.tests.LoginTest"/>
      </group> <!-- regression -->
      <group name="smoke">
        <method signature="LoginTest.login()[pri:0, instance:com.autospace.tests.LoginTest@6adbc9d]" name="login" class="com.autospace.tests.LoginTest"/>
      </group> <!-- smoke -->
    </groups>
    <test started-at="2023-08-01T09:03:34 IST" name="Default test" finished-at="2023-08-01T09:04:26 IST" duration-ms="51741">
      <class name="com.autospace.tests.LoginTest">
        <test-method is-config="true" signature="init()[pri:0, instance:com.autospace.tests.LoginTest@6adbc9d]" started-at="2023-08-01T09:03:34 IST" name="init" finished-at="2023-08-01T09:03:35 IST" duration-ms="432" status="PASS">
          <reporter-output>
          </reporter-output>
        </test-method> <!-- init -->
        <test-method signature="login()[pri:0, instance:com.autospace.tests.LoginTest@6adbc9d]" started-at="2023-08-01T09:03:35 IST" name="login" finished-at="2023-08-01T09:04:10 IST" duration-ms="35261" status="PASS">
          <reporter-output>
          </reporter-output>
        </test-method> <!-- login -->
        <test-method is-config="true" signature="afterTest()[pri:0, instance:com.autospace.tests.LoginTest@6adbc9d]" started-at="2023-08-01T09:04:10 IST" name="afterTest" finished-at="2023-08-01T09:04:10 IST" duration-ms="2" status="PASS">
          <reporter-output>
          </reporter-output>
        </test-method> <!-- afterTest -->
        <test-method signature="bookSearch()[pri:0, instance:com.autospace.tests.LoginTest@6adbc9d]" started-at="2023-08-01T09:04:10 IST" name="bookSearch" finished-at="2023-08-01T09:04:26 IST" depends-on-methods="com.autospace.tests.LoginTest.login" duration-ms="15733" status="PASS">
          <reporter-output>
          </reporter-output>
        </test-method> <!-- bookSearch -->
        <test-method is-config="true" signature="afterTest()[pri:0, instance:com.autospace.tests.LoginTest@6adbc9d]" started-at="2023-08-01T09:04:26 IST" name="afterTest" finished-at="2023-08-01T09:04:26 IST" duration-ms="0" status="PASS">
          <reporter-output>
          </reporter-output>
        </test-method> <!-- afterTest -->
      </class> <!-- com.autospace.tests.LoginTest -->
    </test> <!-- Default test -->
  </suite> <!-- Default suite -->
</testng-results>
